Script started on Tue Aug 14 17:52:48 2018
   : Loading /src/plan.sh
   toml-sh: Plan loaded
   toml-sh: Validating plan metadata
   toml-sh: Using HAB_BIN=/hab/pkgs/core/hab/0.59.0/20180712155441/bin/hab for installs, signing, and hashing
   toml-sh: hab-plan-build setup
   toml-sh: Writing pre_build file
   toml-sh: Resolving build dependencies
   toml-sh: Resolving run dependencies
[1;33mÂ» Installing core/grep[0m
[1;32mâ˜ Determining[0m latest version of core/grep in the 'stable' channel
[1;32mâ†’ Using[0m core/grep/3.1/20180608092809
[1;34mâ˜… Install of core/grep/3.1/20180608092809 complete with 0 new packages installed.[0m
   toml-sh: Resolved dependency 'core/grep' to /hab/pkgs/core/grep/3.1/20180608092809
[1;33mÂ» Installing core/bash[0m
[1;32mâ˜ Determining[0m latest version of core/bash in the 'stable' channel
[1;32mâ†’ Using[0m core/bash/4.4.19/20180608092913
[1;34mâ˜… Install of core/bash/4.4.19/20180608092913 complete with 0 new packages installed.[0m
   toml-sh: Resolved dependency 'core/bash' to /hab/pkgs/core/bash/4.4.19/20180608092913
[1;33mÂ» Installing core/coreutils[0m
[1;32mâ˜ Determining[0m latest version of core/coreutils in the 'stable' channel
[1;32mâ†’ Using[0m core/coreutils/8.29/20180608092141
[1;34mâ˜… Install of core/coreutils/8.29/20180608092141 complete with 0 new packages installed.[0m
   toml-sh: Resolved dependency 'core/coreutils' to /hab/pkgs/core/coreutils/8.29/20180608092141
[1;33mÂ» Installing core/gawk[0m
[1;32mâ˜ Determining[0m latest version of core/gawk in the 'stable' channel
[1;32mâ†’ Using[0m core/gawk/4.2.0/20180608093856
[1;34mâ˜… Install of core/gawk/4.2.0/20180608093856 complete with 0 new packages installed.[0m
   toml-sh: Resolved dependency 'core/gawk' to /hab/pkgs/core/gawk/4.2.0/20180608093856
[1;33mÂ» Installing core/which[0m
[1;32mâ˜ Determining[0m latest version of core/which in the 'stable' channel
[1;32mâ†’ Using[0m core/which/2.21/20180608164236
[1;34mâ˜… Install of core/which/2.21/20180608164236 complete with 0 new packages installed.[0m
   toml-sh: Resolved dependency 'core/which' to /hab/pkgs/core/which/2.21/20180608164236
[1;33mÂ» Installing core/git[0m
[1;32mâ˜ Determining[0m latest version of core/git in the 'stable' channel
[1;32mâ†’ Using[0m core/git/2.18.0/20180806174821
[1;34mâ˜… Install of core/git/2.18.0/20180806174821 complete with 0 new packages installed.[0m
   toml-sh: Resolved dependency 'core/git' to /hab/pkgs/core/git/2.18.0/20180806174821
[1;33mÂ» Installing core/gcc[0m
[1;32mâ˜ Determining[0m latest version of core/gcc in the 'stable' channel
[1;32mâ†’ Using[0m core/gcc/7.3.0/20180608051919
[1;34mâ˜… Install of core/gcc/7.3.0/20180608051919 complete with 0 new packages installed.[0m
   toml-sh: Resolved dependency 'core/gcc' to /hab/pkgs/core/gcc/7.3.0/20180608051919
[1;33mÂ» Installing core/make[0m
[1;32mâ˜ Determining[0m latest version of core/make in the 'stable' channel
[1;32mâ†’ Using[0m core/make/4.2.1/20180608100733
[1;34mâ˜… Install of core/make/4.2.1/20180608100733 complete with 0 new packages installed.[0m
   toml-sh: Resolved dependency 'core/make' to /hab/pkgs/core/make/4.2.1/20180608100733
[1;33mÂ» Installing core/hab[0m
[1;32mâ˜ Determining[0m latest version of core/hab in the 'stable' channel
[1;32mâ†’ Using[0m core/hab/0.59.0/20180712155441
[1;34mâ˜… Install of core/hab/0.59.0/20180712155441 complete with 0 new packages installed.[0m
   toml-sh: Resolved dependency 'core/hab' to /hab/pkgs/core/hab/0.59.0/20180712155441
[1;33mÂ» Installing core/sudo[0m
[1;32mâ˜ Determining[0m latest version of core/sudo in the 'stable' channel
[1;32mâ†’ Using[0m core/sudo/1.8.18p1/20180609192018
[1;34mâ˜… Install of core/sudo/1.8.18p1/20180609192018 complete with 0 new packages installed.[0m
   toml-sh: Resolved dependency 'core/sudo' to /hab/pkgs/core/sudo/1.8.18p1/20180609192018
[1;33mÂ» Installing core/rust[0m
[1;32mâ˜ Determining[0m latest version of core/rust in the 'stable' channel
[1;32mâ†’ Using[0m core/rust/1.28.0/20180806174913
[1;34mâ˜… Install of core/rust/1.28.0/20180806174913 complete with 0 new packages installed.[0m
   toml-sh: Resolved dependency 'core/rust' to /hab/pkgs/core/rust/1.28.0/20180806174913
[1;33mÂ» Installing core/gcc-libs[0m
[1;32mâ˜ Determining[0m latest version of core/gcc-libs in the 'stable' channel
[1;32mâ†’ Using[0m core/gcc-libs/7.3.0/20180608091701
[1;34mâ˜… Install of core/gcc-libs/7.3.0/20180608091701 complete with 0 new packages installed.[0m
   toml-sh: Resolved dependency 'core/gcc-libs' to /hab/pkgs/core/gcc-libs/7.3.0/20180608091701
   toml-sh: Setting up environment
   toml-sh: Populating runtime environment from dependencies
   toml-sh: Populating buildtime environment from dependencies
   toml-sh: PUSH TO RUN
   toml-sh: WARN Using `:` as a separator for $LD_LIBRARY_PATH. If you would like to change this, add `HAB_ENV_LD_LIBRARY_PATH_SEPARATOR=<YOUR_SEPARATOR>` to your plan.
   toml-sh: Layering runtime environment on top of system environment
   toml-sh: Layering buildtime environment on top of system environment
   toml-sh: Setting PATH=/hab/pkgs/core/grep/3.1/20180608092809/bin:/hab/pkgs/core/bash/4.4.19/20180608092913/bin:/hab/pkgs/core/coreutils/8.29/20180608092141/bin:/hab/pkgs/core/gawk/4.2.0/20180608093856/bin:/hab/pkgs/core/which/2.21/20180608164236/bin:/hab/pkgs/core/git/2.18.0/20180806174821/bin:/hab/pkgs/core/gcc/7.3.0/20180608051919/bin:/hab/pkgs/core/make/4.2.1/20180608100733/bin:/hab/pkgs/core/hab/0.59.0/20180712155441/bin:/hab/pkgs/core/sudo/1.8.18p1/20180609192018/bin:/hab/pkgs/core/sudo/1.8.18p1/20180609192018/sbin:/hab/pkgs/core/rust/1.28.0/20180806174913/bin:/hab/pkgs/core/glibc/2.27/20180608041157/bin:/hab/pkgs/core/pcre/8.41/20180608092740/bin:/hab/pkgs/core/ncurses/6.1/20180608091810/bin:/hab/pkgs/core/acl/2.2.52/20180608091922/bin:/hab/pkgs/core/attr/2.4.47/20180608091914/bin:/hab/pkgs/core/libcap/2.25/20180608091936/bin:/hab/pkgs/core/bzip2/1.0.6/20180608091727/bin:/hab/pkgs/core/curl/7.54.1/20180608142121/bin:/hab/pkgs/core/db/5.3.28/20180608094030/bin:/hab/pkgs/core/expat/2.2.5/20180608094017/bin:/hab/pkgs/core/gdbm/1.14.1/20180608094002/bin:/hab/pkgs/core/gettext/0.19.8/20180608100147/bin:/hab/pkgs/core/less/530/20180608094202/bin:/hab/pkgs/core/openssh/7.5p1/20180608142228/bin:/hab/pkgs/core/openssh/7.5p1/20180608142228/sbin:/hab/pkgs/core/openssh/7.5p1/20180608142228/libexec:/hab/pkgs/core/openssl/1.0.2n/20180608102213/bin:/hab/pkgs/core/perl/5.26.1/20180608094208/bin:/hab/pkgs/core/xz/5.2.3/20180608100110/bin:/hab/pkgs/core/binutils/2.30/20180608050633/bin:/hab/pkgs/core/vim/8.0.1542/20180608104326/bin:/hab/pkgs/core/busybox-static/1.28.1/20180608102729/bin:/hab/pkgs/core/hab-plan-build/0.59.0/20180712161429/bin:/hab/pkgs/core/bash/4.3.42/20170513213519/bin:/hab/pkgs/core/binutils/2.25.1/20170513201927/bin:/hab/pkgs/core/bzip2/1.0.6/20170513212938/bin:/hab/pkgs/core/coreutils/8.25/20170513213226/bin:/hab/pkgs/core/file/5.24/20170513201915/bin:/hab/pkgs/core/findutils/4.4.2/20170513214305/bin:/hab/pkgs/core/gawk/4.1.3/20170513213646/bin:/hab/pkgs/core/grep/2.22/20170513213444/bin:/hab/pkgs/core/gzip/1.6/20170513214605/bin:/hab/pkgs/core/hab/0.59.0/20180712155441/bin:/hab/pkgs/core/rq/0.9.2/20170612005822/bin:/hab/pkgs/core/sed/4.2.2/20170513213123/bin:/hab/pkgs/core/tar/1.29/20170513213607/bin:/hab/pkgs/core/unzip/6.0/20180310001951/bin:/hab/pkgs/core/wget/1.19.1/20171024102323/bin:/hab/pkgs/core/xz/5.2.2/20170513214327/bin:/hab/pkgs/core/glibc/2.22/20170513201042/bin:/hab/pkgs/core/ncurses/6.0/20170513213009/bin:/hab/pkgs/core/acl/2.2.52/20170513213108/bin:/hab/pkgs/core/attr/2.4.47/20170513213059/bin:/hab/pkgs/core/libcap/2.24/20170513213120/bin:/hab/pkgs/core/pcre/8.38/20170513213423/bin:/hab/pkgs/core/less/481/20170513213936/bin:/hab/pkgs/core/libidn/1.32/20170513215043/bin:/hab/pkgs/core/openssl/1.0.2l/20171014213633/bin
   toml-sh: Clean the cache
   toml-sh: Setting build environment
mkdir: created directory '/hab/cache/src/toml-sh-1.0.3'
   toml-sh: Setting PREFIX=/hab/pkgs/hab-shell/toml-sh/1.0.3/20180814175248
   toml-sh: Setting LD_RUN_PATH=/hab/pkgs/core/git/2.18.0/20180806174821/lib:/hab/pkgs/core/gcc/7.3.0/20180608051919/lib:/hab/pkgs/core/rust/1.28.0/20180806174913/lib:/hab/pkgs/core/gcc-libs/7.3.0/20180608091701/lib
   toml-sh: Setting CFLAGS=-I/hab/pkgs/core/gcc/7.3.0/20180608051919/include -I/hab/pkgs/core/make/4.2.1/20180608100733/include -I/hab/pkgs/core/sudo/1.8.18p1/20180609192018/include
   toml-sh: Setting CXXFLAGS=-I/hab/pkgs/core/gcc/7.3.0/20180608051919/include -I/hab/pkgs/core/make/4.2.1/20180608100733/include -I/hab/pkgs/core/sudo/1.8.18p1/20180609192018/include
   toml-sh: Setting CPPFLAGS=-I/hab/pkgs/core/gcc/7.3.0/20180608051919/include -I/hab/pkgs/core/make/4.2.1/20180608100733/include -I/hab/pkgs/core/sudo/1.8.18p1/20180609192018/include
   toml-sh: Setting LDFLAGS=-L/hab/pkgs/core/git/2.18.0/20180806174821/lib -L/hab/pkgs/core/gcc/7.3.0/20180608051919/lib -L/hab/pkgs/core/rust/1.28.0/20180806174913/lib -L/hab/pkgs/core/gcc-libs/7.3.0/20180608091701/lib
   toml-sh: Setting PKG_CONFIG_PATH=/hab/pkgs/core/bash/4.4.19/20180608092913/lib/pkgconfig
   toml-sh: Preparing to build
   toml-sh: Building
   toml-sh: Installing
mkdir: created directory '/hab/pkgs/hab-shell/toml-sh/1.0.3'
mkdir: created directory '/hab/pkgs/hab-shell/toml-sh/1.0.3/20180814175248'
   toml-sh: Writing configuration
   toml-sh: Writing service management scripts
   toml-sh: Stripping unneeded symbols from binaries and libraries
   toml-sh: Building package metadata
   toml-sh: Generating blake2b hashes of all files in the package
   toml-sh: Generating signed metadata FILES
[1;33mÂ» Signing toml-sh_blake2bsums[0m
[1;36mâ˜› Signing[0m toml-sh_blake2bsums with hab-shell-20180516112716 to create /hab/pkgs/hab-shell/toml-sh/1.0.3/20180814175248/FILES
[1;34mâ˜… Signed artifact /hab/pkgs/hab-shell/toml-sh/1.0.3/20180814175248/FILES.[0m
   toml-sh: Creating manifest
   toml-sh: Generating package artifact
/hab/pkgs/core/tar/1.29/20170513213607/bin/tar: Removing leading `/' from member names
/hab/cache/artifacts/.hab-shell-toml-sh-1.0.3-20180814175248-x86_64-linux.tar (1/1)
  100 %           2296 B / 20.0 KiB = 0.112                                    
[1;33mÂ» Signing /hab/cache/artifacts/.hab-shell-toml-sh-1.0.3-20180814175248-x86_64-linux.tar.xz[0m
[1;36mâ˜› Signing[0m /hab/cache/artifacts/.hab-shell-toml-sh-1.0.3-20180814175248-x86_64-linux.tar.xz with hab-shell-20180516112716 to create /hab/cache/artifacts/hab-shell-toml-sh-1.0.3-20180814175248-x86_64-linux.hart
[1;34mâ˜… Signed artifact /hab/cache/artifacts/hab-shell-toml-sh-1.0.3-20180814175248-x86_64-linux.hart.[0m
'/hab/cache/artifacts/hab-shell-toml-sh-1.0.3-20180814175248-x86_64-linux.hart' -> '/src/results/hab-shell-toml-sh-1.0.3-20180814175248-x86_64-linux.hart'
   toml-sh: hab-plan-build cleanup
   toml-sh: 
   toml-sh: Source Path: /src
   toml-sh: Installed Path: /hab/pkgs/hab-shell/toml-sh/1.0.3/20180814175248
   toml-sh: Artifact: /src/results/hab-shell-toml-sh-1.0.3-20180814175248-x86_64-linux.hart
   toml-sh: Build Report: /src/results/last_build.env
   toml-sh: SHA256 Checksum: 08696698b766d88e99f714c6cbd9aa426bf44f49f57e24169dbf05f1c2b7ec04
   toml-sh: Blake2b Checksum: b877967b7b29e525d3f0f91d21f380a6d4d887fe22f87feb3e0160778cc140c7
   toml-sh: 
   toml-sh: I love it when a plan.sh comes together.
   toml-sh: 
   toml-sh: Build time: 0m7s

Script done on Tue Aug 14 17:52:55 2018
